2023-03-20 14:59:00,488 - train - INFO - NCFModel(
  (conv1): Conv2d(1, 10, kernel_size=(5, 5), stride=(1, 1))
  (conv2): Conv2d(10, 20, kernel_size=(5, 5), stride=(1, 1))
  (conv2_drop): Dropout2d(p=0.5, inplace=False)
  (fc1): Linear(in_features=320, out_features=50, bias=True)
  (fc2): Linear(in_features=50, out_features=10, bias=True)
)
Trainable parameters: 21840
2023-03-20 14:59:00,582 - trainer - WARNING - Warning: visualization (Tensorboard) is configured to use, but currently not installed on this machine. Please install TensorboardX with 'pip install tensorboardx', upgrade PyTorch to version >= 1.1 to use 'torch.utils.tensorboard' or turn off the option in the 'config.json' file.
2023-03-20 14:59:20,290 - trainer - INFO -     epoch          : 1
2023-03-20 14:59:20,290 - trainer - INFO -     loss           : 0.6763422066495882
2023-03-20 14:59:20,290 - trainer - INFO -     accuracy       : 0.7836355365605958
2023-03-20 14:59:20,290 - trainer - INFO -     top_k_acc      : 0.9259267095463778
2023-03-20 14:59:20,290 - trainer - INFO -     val_loss       : 0.12063463943752836
2023-03-20 14:59:20,290 - trainer - INFO -     val_accuracy   : 0.9614124240121581
2023-03-20 14:59:20,290 - trainer - INFO -     val_top_k_acc  : 0.9956544452887538
2023-03-20 14:59:20,290 - trainer - INFO - Saving checkpoint: saved\models\NCF Model\0320_145900\checkpoint-epoch1.pth ...
2023-03-20 14:59:20,290 - trainer - INFO - Saving current best: model_best.pth ...
2023-03-20 14:59:40,666 - trainer - INFO -     epoch          : 2
2023-03-20 14:59:40,666 - trainer - INFO -     loss           : 0.2935643669623899
2023-03-20 14:59:40,666 - trainer - INFO -     accuracy       : 0.9135229773188897
2023-03-20 14:59:40,666 - trainer - INFO -     top_k_acc      : 0.9854990055856465
2023-03-20 14:59:40,666 - trainer - INFO -     val_loss       : 0.08428342291649352
2023-03-20 14:59:40,666 - trainer - INFO -     val_accuracy   : 0.9754464285714286
2023-03-20 14:59:40,666 - trainer - INFO -     val_top_k_acc  : 0.9978390957446809
2023-03-20 14:59:40,666 - trainer - INFO - Saving checkpoint: saved\models\NCF Model\0320_145900\checkpoint-epoch2.pth ...
2023-03-20 14:59:40,666 - trainer - INFO - Saving current best: model_best.pth ...
2023-03-20 15:00:03,754 - trainer - INFO -     epoch          : 3
2023-03-20 15:00:03,755 - trainer - INFO -     loss           : 0.24068146209581204
2023-03-20 15:00:03,755 - trainer - INFO -     accuracy       : 0.9294997249492214
2023-03-20 15:00:03,755 - trainer - INFO -     top_k_acc      : 0.9889424297562627
2023-03-20 15:00:03,755 - trainer - INFO -     val_loss       : 0.06793534383177757
2023-03-20 15:00:03,755 - trainer - INFO -     val_accuracy   : 0.9778447948328267
2023-03-20 15:00:03,755 - trainer - INFO -     val_top_k_acc  : 0.9983377659574468
2023-03-20 15:00:03,760 - trainer - INFO - Saving checkpoint: saved\models\NCF Model\0320_145900\checkpoint-epoch3.pth ...
2023-03-20 15:00:03,763 - trainer - INFO - Saving current best: model_best.pth ...
2023-03-20 15:00:27,116 - trainer - INFO -     epoch          : 4
2023-03-20 15:00:27,116 - trainer - INFO -     loss           : 0.21102890944311403
2023-03-20 15:00:27,116 - trainer - INFO -     accuracy       : 0.9382193635748138
2023-03-20 15:00:27,116 - trainer - INFO -     top_k_acc      : 0.9910000211577522
2023-03-20 15:00:27,116 - trainer - INFO -     val_loss       : 0.06063742012261076
2023-03-20 15:00:27,116 - trainer - INFO -     val_accuracy   : 0.9792933130699089
2023-03-20 15:00:27,116 - trainer - INFO -     val_top_k_acc  : 0.9993351063829787
2023-03-20 15:00:27,116 - trainer - INFO - Saving checkpoint: saved\models\NCF Model\0320_145900\checkpoint-epoch4.pth ...
2023-03-20 15:00:27,116 - trainer - INFO - Saving current best: model_best.pth ...
2023-03-20 15:00:47,881 - trainer - INFO -     epoch          : 5
2023-03-20 15:00:47,881 - trainer - INFO -     loss           : 0.19251937753746012
2023-03-20 15:00:47,881 - trainer - INFO -     accuracy       : 0.9437970759986458
2023-03-20 15:00:47,881 - trainer - INFO -     top_k_acc      : 0.9922985781990521
2023-03-20 15:00:47,881 - trainer - INFO -     val_loss       : 0.05723535838200057
2023-03-20 15:00:47,881 - trainer - INFO -     val_accuracy   : 0.9825227963525837
2023-03-20 15:00:47,881 - trainer - INFO -     val_top_k_acc  : 0.9990026595744681
2023-03-20 15:00:47,881 - trainer - INFO - Saving checkpoint: saved\models\NCF Model\0320_145900\checkpoint-epoch5.pth ...
2023-03-20 15:00:47,881 - trainer - INFO - Saving current best: model_best.pth ...
2023-03-20 15:01:08,804 - trainer - INFO -     epoch          : 6
2023-03-20 15:01:08,804 - trainer - INFO -     loss           : 0.17800919181044916
2023-03-20 15:01:08,804 - trainer - INFO -     accuracy       : 0.9470051201760326
2023-03-20 15:01:08,804 - trainer - INFO -     top_k_acc      : 0.9926291680771835
2023-03-20 15:01:08,804 - trainer - INFO -     val_loss       : 0.05111674811849569
2023-03-20 15:01:08,804 - trainer - INFO -     val_accuracy   : 0.9831876899696049
2023-03-20 15:01:08,804 - trainer - INFO -     val_top_k_acc  : 0.9991688829787234
2023-03-20 15:01:08,804 - trainer - INFO - Saving checkpoint: saved\models\NCF Model\0320_145900\checkpoint-epoch6.pth ...
2023-03-20 15:01:08,820 - trainer - INFO - Saving current best: model_best.pth ...
2023-03-20 15:01:29,664 - trainer - INFO -     epoch          : 7
2023-03-20 15:01:29,664 - trainer - INFO -     loss           : 0.16702363866059136
2023-03-20 15:01:29,664 - trainer - INFO -     accuracy       : 0.95130278859174
2023-03-20 15:01:29,664 - trainer - INFO -     top_k_acc      : 0.993647384901828
2023-03-20 15:01:29,664 - trainer - INFO -     val_loss       : 0.04985520350647733
2023-03-20 15:01:29,664 - trainer - INFO -     val_accuracy   : 0.9846837006079028
2023-03-20 15:01:29,664 - trainer - INFO -     val_top_k_acc  : 0.9991688829787234
2023-03-20 15:01:29,664 - trainer - INFO - Saving checkpoint: saved\models\NCF Model\0320_145900\checkpoint-epoch7.pth ...
2023-03-20 15:01:29,664 - trainer - INFO - Saving current best: model_best.pth ...
2023-03-20 15:01:50,545 - trainer - INFO -     epoch          : 8
2023-03-20 15:01:50,545 - trainer - INFO -     loss           : 0.15973199570277855
2023-03-20 15:01:50,545 - trainer - INFO -     accuracy       : 0.9534291426878808
2023-03-20 15:01:50,545 - trainer - INFO -     top_k_acc      : 0.9937954891672309
2023-03-20 15:01:50,545 - trainer - INFO -     val_loss       : 0.04392610799441946
2023-03-20 15:01:50,545 - trainer - INFO -     val_accuracy   : 0.9866783814589666
2023-03-20 15:01:50,545 - trainer - INFO -     val_top_k_acc  : 0.999501329787234
2023-03-20 15:01:50,545 - trainer - INFO - Saving checkpoint: saved\models\NCF Model\0320_145900\checkpoint-epoch8.pth ...
2023-03-20 15:01:50,545 - trainer - INFO - Saving current best: model_best.pth ...
2023-03-20 15:02:11,648 - trainer - INFO -     epoch          : 9
2023-03-20 15:02:11,664 - trainer - INFO -     loss           : 0.15318873897194862
2023-03-20 15:02:11,664 - trainer - INFO -     accuracy       : 0.9552539988151659
2023-03-20 15:02:11,664 - trainer - INFO -     top_k_acc      : 0.994215999492214
2023-03-20 15:02:11,664 - trainer - INFO -     val_loss       : 0.0452884029438521
2023-03-20 15:02:11,664 - trainer - INFO -     val_accuracy   : 0.9854910714285714
2023-03-20 15:02:11,664 - trainer - INFO -     val_top_k_acc  : 0.9991688829787234
2023-03-20 15:02:11,664 - trainer - INFO - Saving checkpoint: saved\models\NCF Model\0320_145900\checkpoint-epoch9.pth ...
2023-03-20 15:02:32,770 - trainer - INFO -     epoch          : 10
2023-03-20 15:02:32,770 - trainer - INFO -     loss           : 0.1491386342740737
2023-03-20 15:02:32,770 - trainer - INFO -     accuracy       : 0.9561135324983074
2023-03-20 15:02:32,770 - trainer - INFO -     top_k_acc      : 0.9945360104942451
2023-03-20 15:02:32,770 - trainer - INFO -     val_loss       : 0.04670378983397275
2023-03-20 15:02:32,770 - trainer - INFO -     val_accuracy   : 0.9845174772036475
2023-03-20 15:02:32,770 - trainer - INFO -     val_top_k_acc  : 0.9993351063829787
2023-03-20 15:02:32,770 - trainer - INFO - Saving checkpoint: saved\models\NCF Model\0320_145900\checkpoint-epoch10.pth ...
2023-03-20 15:02:53,989 - trainer - INFO -     epoch          : 11
2023-03-20 15:02:53,989 - trainer - INFO -     loss           : 0.14265982297324173
2023-03-20 15:02:53,989 - trainer - INFO -     accuracy       : 0.9579912830060935
2023-03-20 15:02:53,989 - trainer - INFO -     top_k_acc      : 0.9948322190250508
2023-03-20 15:02:53,989 - trainer - INFO -     val_loss       : 0.03966466824900597
2023-03-20 15:02:53,989 - trainer - INFO -     val_accuracy   : 0.9881743920972644
2023-03-20 15:02:53,989 - trainer - INFO -     val_top_k_acc  : 0.9991451367781156
2023-03-20 15:02:53,989 - trainer - INFO - Saving checkpoint: saved\models\NCF Model\0320_145900\checkpoint-epoch11.pth ...
2023-03-20 15:02:53,989 - trainer - INFO - Saving current best: model_best.pth ...
2023-03-20 15:03:15,515 - trainer - INFO -     epoch          : 12
2023-03-20 15:03:15,515 - trainer - INFO -     loss           : 0.13911699133779482
2023-03-20 15:03:15,515 - trainer - INFO -     accuracy       : 0.9603794642857143
2023-03-20 15:03:15,515 - trainer - INFO -     top_k_acc      : 0.9946127073459715
2023-03-20 15:03:15,515 - trainer - INFO -     val_loss       : 0.04089658875315589
2023-03-20 15:03:15,515 - trainer - INFO -     val_accuracy   : 0.9868446048632219
2023-03-20 15:03:15,515 - trainer - INFO -     val_top_k_acc  : 0.9993351063829787
2023-03-20 15:03:15,530 - trainer - INFO - Saving checkpoint: saved\models\NCF Model\0320_145900\checkpoint-epoch12.pth ...
2023-03-20 15:03:38,586 - trainer - INFO -     epoch          : 13
2023-03-20 15:03:38,586 - trainer - INFO -     loss           : 0.1366852480715132
2023-03-20 15:03:38,586 - trainer - INFO -     accuracy       : 0.9588375930941097
2023-03-20 15:03:38,586 - trainer - INFO -     top_k_acc      : 0.9954457938388626
2023-03-20 15:03:38,586 - trainer - INFO -     val_loss       : 0.041292378413887255
2023-03-20 15:03:38,586 - trainer - INFO -     val_accuracy   : 0.9871770516717325
2023-03-20 15:03:38,586 - trainer - INFO -     val_top_k_acc  : 0.9996675531914894
2023-03-20 15:03:38,602 - trainer - INFO - Saving checkpoint: saved\models\NCF Model\0320_145900\checkpoint-epoch13.pth ...
2023-03-20 15:04:01,759 - trainer - INFO -     epoch          : 14
2023-03-20 15:04:01,759 - trainer - INFO -     loss           : 0.12474805878042751
2023-03-20 15:04:01,759 - trainer - INFO -     accuracy       : 0.962921039268788
2023-03-20 15:04:01,759 - trainer - INFO -     top_k_acc      : 0.995519845971564
2023-03-20 15:04:01,759 - trainer - INFO -     val_loss       : 0.04039296918509013
2023-03-20 15:04:01,759 - trainer - INFO -     val_accuracy   : 0.9856810410334347
2023-03-20 15:04:01,759 - trainer - INFO -     val_top_k_acc  : 0.9993351063829787
2023-03-20 15:04:01,759 - trainer - INFO - Saving checkpoint: saved\models\NCF Model\0320_145900\checkpoint-epoch14.pth ...
2023-03-20 15:04:24,851 - trainer - INFO -     epoch          : 15
2023-03-20 15:04:24,851 - trainer - INFO -     loss           : 0.12972695918939126
2023-03-20 15:04:24,851 - trainer - INFO -     accuracy       : 0.9620112559241706
2023-03-20 15:04:24,851 - trainer - INFO -     top_k_acc      : 0.9949829680094787
2023-03-20 15:04:24,851 - trainer - INFO -     val_loss       : 0.040976807940751314
2023-03-20 15:04:24,851 - trainer - INFO -     val_accuracy   : 0.9871295592705167
2023-03-20 15:04:24,851 - trainer - INFO -     val_top_k_acc  : 0.999501329787234
2023-03-20 15:04:24,851 - trainer - INFO - Saving checkpoint: saved\models\NCF Model\0320_145900\checkpoint-epoch15.pth ...
2023-03-20 15:04:47,950 - trainer - INFO -     epoch          : 16
2023-03-20 15:04:47,950 - trainer - INFO -     loss           : 0.1263541056558278
2023-03-20 15:04:47,950 - trainer - INFO -     accuracy       : 0.962960710054164
2023-03-20 15:04:47,950 - trainer - INFO -     top_k_acc      : 0.9958504358496953
2023-03-20 15:04:47,950 - trainer - INFO -     val_loss       : 0.03950079591409798
2023-03-20 15:04:47,950 - trainer - INFO -     val_accuracy   : 0.9871770516717325
2023-03-20 15:04:47,950 - trainer - INFO -     val_top_k_acc  : 0.999501329787234
2023-03-20 15:04:47,950 - trainer - INFO - Saving checkpoint: saved\models\NCF Model\0320_145900\checkpoint-epoch16.pth ...
2023-03-20 15:04:47,950 - trainer - INFO - Saving current best: model_best.pth ...
2023-03-20 15:05:11,070 - trainer - INFO -     epoch          : 17
2023-03-20 15:05:11,070 - trainer - INFO -     loss           : 0.12377924894057744
2023-03-20 15:05:11,070 - trainer - INFO -     accuracy       : 0.9632146030805687
2023-03-20 15:05:11,070 - trainer - INFO -     top_k_acc      : 0.995890106635071
2023-03-20 15:05:11,070 - trainer - INFO -     val_loss       : 0.03974985857395098
2023-03-20 15:05:11,070 - trainer - INFO -     val_accuracy   : 0.9876519756838905
2023-03-20 15:05:11,070 - trainer - INFO -     val_top_k_acc  : 0.9993351063829787
2023-03-20 15:05:11,070 - trainer - INFO - Saving checkpoint: saved\models\NCF Model\0320_145900\checkpoint-epoch17.pth ...
2023-03-20 15:05:33,950 - trainer - INFO -     epoch          : 18
2023-03-20 15:05:33,950 - trainer - INFO -     loss           : 0.12225170404389854
2023-03-20 15:05:33,950 - trainer - INFO -     accuracy       : 0.9632463397088693
2023-03-20 15:05:33,950 - trainer - INFO -     top_k_acc      : 0.9962577225795531
2023-03-20 15:05:33,950 - trainer - INFO -     val_loss       : 0.0382484079120641
2023-03-20 15:05:33,950 - trainer - INFO -     val_accuracy   : 0.9873432750759878
2023-03-20 15:05:33,950 - trainer - INFO -     val_top_k_acc  : 0.999501329787234
2023-03-20 15:05:33,950 - trainer - INFO - Saving checkpoint: saved\models\NCF Model\0320_145900\checkpoint-epoch18.pth ...
2023-03-20 15:05:33,950 - trainer - INFO - Saving current best: model_best.pth ...
2023-03-20 15:05:57,600 - trainer - INFO -     epoch          : 19
2023-03-20 15:05:57,600 - trainer - INFO -     loss           : 0.11862636108163267
2023-03-20 15:05:57,600 - trainer - INFO -     accuracy       : 0.9650870641503047
2023-03-20 15:05:57,600 - trainer - INFO -     top_k_acc      : 0.9959271327014217
2023-03-20 15:05:57,600 - trainer - INFO -     val_loss       : 0.0379553560930443
2023-03-20 15:05:57,600 - trainer - INFO -     val_accuracy   : 0.9878656914893617
2023-03-20 15:05:57,600 - trainer - INFO -     val_top_k_acc  : 0.9993351063829787
2023-03-20 15:05:57,600 - trainer - INFO - Saving checkpoint: saved\models\NCF Model\0320_145900\checkpoint-epoch19.pth ...
2023-03-20 15:05:57,615 - trainer - INFO - Saving current best: model_best.pth ...
