2023-03-22 13:56:13,819 - train - INFO - FMModel(
  (embedding): FeaturesEmbedding(
    (embedding): Embedding(1086, 128)
  )
  (linear): FeaturesLinear(
    (fc): Embedding(1086, 1)
  )
  (fm): FactorizationMachine()
)
Trainable parameters: 140095
2023-03-22 13:56:28,994 - trainer - INFO -     epoch          : 1
2023-03-22 13:56:28,995 - trainer - INFO -     loss           : -0.43188882200047374
2023-03-22 13:56:28,995 - trainer - INFO -     ks             : 0.32200579157908543
2023-03-22 13:56:28,995 - trainer - INFO -     auc            : 0.42800873338832685
2023-03-22 13:56:28,995 - trainer - INFO -     val_loss       : -0.40203656256198883
2023-03-22 13:56:28,995 - trainer - INFO -     val_ks         : 0.29166666666666663
2023-03-22 13:56:28,996 - trainer - INFO -     val_auc        : 0.5395833333333333
2023-03-22 13:56:44,061 - trainer - INFO -     epoch          : 2
2023-03-22 13:56:44,061 - trainer - INFO -     loss           : -0.33833733573555946
2023-03-22 13:56:44,061 - trainer - INFO -     ks             : 0.2589273426802031
2023-03-22 13:56:44,061 - trainer - INFO -     auc            : 0.43933860444157935
2023-03-22 13:56:44,061 - trainer - INFO -     val_loss       : -0.4958036243915558
2023-03-22 13:56:44,062 - trainer - INFO -     val_ks         : 0.4083333333333333
2023-03-22 13:56:44,062 - trainer - INFO -     val_auc        : 0.41041666666666665
2023-03-22 13:56:59,107 - trainer - INFO -     epoch          : 3
2023-03-22 13:56:59,107 - trainer - INFO -     loss           : -0.3543210871517658
2023-03-22 13:56:59,107 - trainer - INFO -     ks             : 0.31269841269841275
2023-03-22 13:56:59,108 - trainer - INFO -     auc            : 0.4553809523809524
2023-03-22 13:56:59,108 - trainer - INFO -     val_loss       : -0.2317259982228279
2023-03-22 13:56:59,108 - trainer - INFO -     val_ks         : 0.31275303643724695
2023-03-22 13:56:59,108 - trainer - INFO -     val_auc        : 0.41565452091767885
